<?xml version="1.0" encoding="UTF-8"?>
<testsuite name="edu.coursera.distributed.SparkTest" time="0.013" tests="6" errors="0" skipped="0" failures="6">
  <properties>
[...]
</properties>
  <testcase name="warning" classname="junit.framework.TestSuite$1" time="0.007">
    <failure message="Exception in constructor: testUniformTwentyThousand (java.lang.Error: Unresolved compilation problems: &#10;	The import scala cannot be resolved&#10;	The import org.apache.log4j cannot be resolved&#10;	The import org.apache.log4j cannot be resolved&#10;	Logger cannot be resolved&#10;	Level cannot be resolved to a variable&#10;	Logger cannot be resolved&#10;	Level cannot be resolved to a variable&#10;	The type scala.Tuple2 cannot be resolved. It is indirectly referenced from required .class files&#10;	This lambda expression refers to the missing type Tuple2&#10;	Tuple2 cannot be resolved to a type&#10;	This lambda expression refers to the missing type Tuple2&#10;	Tuple2 cannot be resolved to a type&#10;	Tuple2 cannot be resolved to a type&#10;	The method collect() from the type AbstractJavaRDDLike&lt;Tuple2&lt;Integer,Double&gt;,JavaPairRDD&lt;Integer,Double&gt;&gt; refers to the missing type Tuple2&#10;	Tuple2 cannot be resolved to a type&#10;	The method collect() from the type AbstractJavaRDDLike&lt;Tuple2&lt;Integer,Double&gt;,JavaPairRDD&lt;Integer,Double&gt;&gt; refers to the missing type Tuple2&#10;	Tuple2 cannot be resolved to a type&#10;&#10;	at edu.coursera.distributed.SparkTest.&lt;init&gt;(SparkTest.java:3)&#10;	at sun.reflect.NativeConstructorAccessorImpl.newInstance0(Native Method)&#10;	at sun.reflect.NativeConstructorAccessorImpl.newInstance(Unknown Source)&#10;	at sun.reflect.DelegatingConstructorAccessorImpl.newInstance(Unknown Source)&#10;	at java.lang.reflect.Constructor.newInstance(Unknown Source)&#10;	at junit.framework.TestSuite.createTest(TestSuite.java:54)&#10;	at junit.framework.TestSuite.addTestMethod(TestSuite.java:280)&#10;	at junit.framework.TestSuite.&lt;init&gt;(TestSuite.java:140)&#10;	at sun.reflect.NativeConstructorAccessorImpl.newInstance0(Native Method)&#10;	at sun.reflect.NativeConstructorAccessorImpl.newInstance(Unknown Source)&#10;	at sun.reflect.DelegatingConstructorAccessorImpl.newInstance(Unknown Source)&#10;	at java.lang.reflect.Constructor.newInstance(Unknown Source)&#10;	at org.apache.maven.surefire.common.junit3.JUnit3Reflector.constructTestObject(JUnit3Reflector.java:126)&#10;	at org.apache.maven.surefire.junit.JUnitTestSet.execute(JUnitTestSet.java:70)&#10;	at org.apache.maven.surefire.junit.JUnit3Provider.executeTestSet(JUnit3Provider.java:131)&#10;	at org.apache.maven.surefire.junit.JUnit3Provider.invoke(JUnit3Provider.java:108)&#10;	at org.apache.maven.surefire.booter.ForkedBooter.invokeProviderInSameClassLoader(ForkedBooter.java:200)&#10;	at org.apache.maven.surefire.booter.ForkedBooter.runSuitesInProcess(ForkedBooter.java:153)&#10;	at org.apache.maven.surefire.booter.ForkedBooter.main(ForkedBooter.java:103)&#10;)" type="junit.framework.AssertionFailedError"><![CDATA[junit.framework.AssertionFailedError: Exception in constructor: testUniformTwentyThousand (java.lang.Error: Unresolved compilation problems: 
	The import scala cannot be resolved
	The import org.apache.log4j cannot be resolved
	The import org.apache.log4j cannot be resolved
	Logger cannot be resolved
	Level cannot be resolved to a variable
	Logger cannot be resolved
	Level cannot be resolved to a variable
	The type scala.Tuple2 cannot be resolved. It is indirectly referenced from required .class files
	This lambda expression refers to the missing type Tuple2
	Tuple2 cannot be resolved to a type
	This lambda expression refers to the missing type Tuple2
	Tuple2 cannot be resolved to a type
	Tuple2 cannot be resolved to a type
	The method collect() from the type AbstractJavaRDDLike<Tuple2<Integer,Double>,JavaPairRDD<Integer,Double>> refers to the missing type Tuple2
	Tuple2 cannot be resolved to a type
	The method collect() from the type AbstractJavaRDDLike<Tuple2<Integer,Double>,JavaPairRDD<Integer,Double>> refers to the missing type Tuple2
	Tuple2 cannot be resolved to a type

	at edu.coursera.distributed.SparkTest.<init>(SparkTest.java:3)
	at sun.reflect.NativeConstructorAccessorImpl.newInstance0(Native Method)
	at sun.reflect.NativeConstructorAccessorImpl.newInstance(Unknown Source)
	at sun.reflect.DelegatingConstructorAccessorImpl.newInstance(Unknown Source)
	at java.lang.reflect.Constructor.newInstance(Unknown Source)
	at junit.framework.TestSuite.createTest(TestSuite.java:54)
	at junit.framework.TestSuite.addTestMethod(TestSuite.java:280)
	at junit.framework.TestSuite.<init>(TestSuite.java:140)
	at sun.reflect.NativeConstructorAccessorImpl.newInstance0(Native Method)
	at sun.reflect.NativeConstructorAccessorImpl.newInstance(Unknown Source)
	at sun.reflect.DelegatingConstructorAccessorImpl.newInstance(Unknown Source)
	at java.lang.reflect.Constructor.newInstance(Unknown Source)
	at org.apache.maven.surefire.common.junit3.JUnit3Reflector.constructTestObject(JUnit3Reflector.java:126)
	at org.apache.maven.surefire.junit.JUnitTestSet.execute(JUnitTestSet.java:70)
	at org.apache.maven.surefire.junit.JUnit3Provider.executeTestSet(JUnit3Provider.java:131)
	at org.apache.maven.surefire.junit.JUnit3Provider.invoke(JUnit3Provider.java:108)
	at org.apache.maven.surefire.booter.ForkedBooter.invokeProviderInSameClassLoader(ForkedBooter.java:200)
	at org.apache.maven.surefire.booter.ForkedBooter.runSuitesInProcess(ForkedBooter.java:153)
	at org.apache.maven.surefire.booter.ForkedBooter.main(ForkedBooter.java:103)
)
	at junit.framework.Assert.fail(Assert.java:47)
	at junit.framework.TestSuite$1.runTest(TestSuite.java:90)
	at junit.framework.TestCase.runBare(TestCase.java:130)
	at junit.framework.TestResult$1.protect(TestResult.java:106)
	at junit.framework.TestResult.runProtected(TestResult.java:124)
	at junit.framework.TestResult.run(TestResult.java:109)
	at junit.framework.TestCase.run(TestCase.java:120)
	at junit.framework.TestSuite.runTest(TestSuite.java:230)
	at junit.framework.TestSuite.run(TestSuite.java:225)
	at sun.reflect.NativeMethodAccessorImpl.invoke0(Native Method)
	at sun.reflect.NativeMethodAccessorImpl.invoke(Unknown Source)
	at sun.reflect.DelegatingMethodAccessorImpl.invoke(Unknown Source)
	at java.lang.reflect.Method.invoke(Unknown Source)
	at org.apache.maven.surefire.junit.JUnitTestSet.execute(JUnitTestSet.java:95)
	at org.apache.maven.surefire.junit.JUnit3Provider.executeTestSet(JUnit3Provider.java:131)
	at org.apache.maven.surefire.junit.JUnit3Provider.invoke(JUnit3Provider.java:108)
	at org.apache.maven.surefire.booter.ForkedBooter.invokeProviderInSameClassLoader(ForkedBooter.java:200)
	at org.apache.maven.surefire.booter.ForkedBooter.runSuitesInProcess(ForkedBooter.java:153)
	at org.apache.maven.surefire.booter.ForkedBooter.main(ForkedBooter.java:103)
]]></failure>
  </testcase>
  <testcase name="warning" classname="junit.framework.TestSuite$1" time="0">
    <failure message="Exception in constructor: testIncreasingFiftyThousand (java.lang.Error: Unresolved compilation problems: &#10;	The import scala cannot be resolved&#10;	The import org.apache.log4j cannot be resolved&#10;	The import org.apache.log4j cannot be resolved&#10;	Logger cannot be resolved&#10;	Level cannot be resolved to a variable&#10;	Logger cannot be resolved&#10;	Level cannot be resolved to a variable&#10;	The type scala.Tuple2 cannot be resolved. It is indirectly referenced from required .class files&#10;	This lambda expression refers to the missing type Tuple2&#10;	Tuple2 cannot be resolved to a type&#10;	This lambda expression refers to the missing type Tuple2&#10;	Tuple2 cannot be resolved to a type&#10;	Tuple2 cannot be resolved to a type&#10;	The method collect() from the type AbstractJavaRDDLike&lt;Tuple2&lt;Integer,Double&gt;,JavaPairRDD&lt;Integer,Double&gt;&gt; refers to the missing type Tuple2&#10;	Tuple2 cannot be resolved to a type&#10;	The method collect() from the type AbstractJavaRDDLike&lt;Tuple2&lt;Integer,Double&gt;,JavaPairRDD&lt;Integer,Double&gt;&gt; refers to the missing type Tuple2&#10;	Tuple2 cannot be resolved to a type&#10;&#10;	at edu.coursera.distributed.SparkTest.&lt;init&gt;(SparkTest.java:3)&#10;	at sun.reflect.NativeConstructorAccessorImpl.newInstance0(Native Method)&#10;	at sun.reflect.NativeConstructorAccessorImpl.newInstance(Unknown Source)&#10;	at sun.reflect.DelegatingConstructorAccessorImpl.newInstance(Unknown Source)&#10;	at java.lang.reflect.Constructor.newInstance(Unknown Source)&#10;	at junit.framework.TestSuite.createTest(TestSuite.java:54)&#10;	at junit.framework.TestSuite.addTestMethod(TestSuite.java:280)&#10;	at junit.framework.TestSuite.&lt;init&gt;(TestSuite.java:140)&#10;	at sun.reflect.NativeConstructorAccessorImpl.newInstance0(Native Method)&#10;	at sun.reflect.NativeConstructorAccessorImpl.newInstance(Unknown Source)&#10;	at sun.reflect.DelegatingConstructorAccessorImpl.newInstance(Unknown Source)&#10;	at java.lang.reflect.Constructor.newInstance(Unknown Source)&#10;	at org.apache.maven.surefire.common.junit3.JUnit3Reflector.constructTestObject(JUnit3Reflector.java:126)&#10;	at org.apache.maven.surefire.junit.JUnitTestSet.execute(JUnitTestSet.java:70)&#10;	at org.apache.maven.surefire.junit.JUnit3Provider.executeTestSet(JUnit3Provider.java:131)&#10;	at org.apache.maven.surefire.junit.JUnit3Provider.invoke(JUnit3Provider.java:108)&#10;	at org.apache.maven.surefire.booter.ForkedBooter.invokeProviderInSameClassLoader(ForkedBooter.java:200)&#10;	at org.apache.maven.surefire.booter.ForkedBooter.runSuitesInProcess(ForkedBooter.java:153)&#10;	at org.apache.maven.surefire.booter.ForkedBooter.main(ForkedBooter.java:103)&#10;)" type="junit.framework.AssertionFailedError"><![CDATA[junit.framework.AssertionFailedError: Exception in constructor: testIncreasingFiftyThousand (java.lang.Error: Unresolved compilation problems: 
	The import scala cannot be resolved
	The import org.apache.log4j cannot be resolved
	The import org.apache.log4j cannot be resolved
	Logger cannot be resolved
	Level cannot be resolved to a variable
	Logger cannot be resolved
	Level cannot be resolved to a variable
	The type scala.Tuple2 cannot be resolved. It is indirectly referenced from required .class files
	This lambda expression refers to the missing type Tuple2
	Tuple2 cannot be resolved to a type
	This lambda expression refers to the missing type Tuple2
	Tuple2 cannot be resolved to a type
	Tuple2 cannot be resolved to a type
	The method collect() from the type AbstractJavaRDDLike<Tuple2<Integer,Double>,JavaPairRDD<Integer,Double>> refers to the missing type Tuple2
	Tuple2 cannot be resolved to a type
	The method collect() from the type AbstractJavaRDDLike<Tuple2<Integer,Double>,JavaPairRDD<Integer,Double>> refers to the missing type Tuple2
	Tuple2 cannot be resolved to a type

	at edu.coursera.distributed.SparkTest.<init>(SparkTest.java:3)
	at sun.reflect.NativeConstructorAccessorImpl.newInstance0(Native Method)
	at sun.reflect.NativeConstructorAccessorImpl.newInstance(Unknown Source)
	at sun.reflect.DelegatingConstructorAccessorImpl.newInstance(Unknown Source)
	at java.lang.reflect.Constructor.newInstance(Unknown Source)
	at junit.framework.TestSuite.createTest(TestSuite.java:54)
	at junit.framework.TestSuite.addTestMethod(TestSuite.java:280)
	at junit.framework.TestSuite.<init>(TestSuite.java:140)
	at sun.reflect.NativeConstructorAccessorImpl.newInstance0(Native Method)
	at sun.reflect.NativeConstructorAccessorImpl.newInstance(Unknown Source)
	at sun.reflect.DelegatingConstructorAccessorImpl.newInstance(Unknown Source)
	at java.lang.reflect.Constructor.newInstance(Unknown Source)
	at org.apache.maven.surefire.common.junit3.JUnit3Reflector.constructTestObject(JUnit3Reflector.java:126)
	at org.apache.maven.surefire.junit.JUnitTestSet.execute(JUnitTestSet.java:70)
	at org.apache.maven.surefire.junit.JUnit3Provider.executeTestSet(JUnit3Provider.java:131)
	at org.apache.maven.surefire.junit.JUnit3Provider.invoke(JUnit3Provider.java:108)
	at org.apache.maven.surefire.booter.ForkedBooter.invokeProviderInSameClassLoader(ForkedBooter.java:200)
	at org.apache.maven.surefire.booter.ForkedBooter.runSuitesInProcess(ForkedBooter.java:153)
	at org.apache.maven.surefire.booter.ForkedBooter.main(ForkedBooter.java:103)
)
	at junit.framework.Assert.fail(Assert.java:47)
	at junit.framework.TestSuite$1.runTest(TestSuite.java:90)
	at junit.framework.TestCase.runBare(TestCase.java:130)
	at junit.framework.TestResult$1.protect(TestResult.java:106)
	at junit.framework.TestResult.runProtected(TestResult.java:124)
	at junit.framework.TestResult.run(TestResult.java:109)
	at junit.framework.TestCase.run(TestCase.java:120)
	at junit.framework.TestSuite.runTest(TestSuite.java:230)
	at junit.framework.TestSuite.run(TestSuite.java:225)
	at sun.reflect.NativeMethodAccessorImpl.invoke0(Native Method)
	at sun.reflect.NativeMethodAccessorImpl.invoke(Unknown Source)
	at sun.reflect.DelegatingMethodAccessorImpl.invoke(Unknown Source)
	at java.lang.reflect.Method.invoke(Unknown Source)
	at org.apache.maven.surefire.junit.JUnitTestSet.execute(JUnitTestSet.java:95)
	at org.apache.maven.surefire.junit.JUnit3Provider.executeTestSet(JUnit3Provider.java:131)
	at org.apache.maven.surefire.junit.JUnit3Provider.invoke(JUnit3Provider.java:108)
	at org.apache.maven.surefire.booter.ForkedBooter.invokeProviderInSameClassLoader(ForkedBooter.java:200)
	at org.apache.maven.surefire.booter.ForkedBooter.runSuitesInProcess(ForkedBooter.java:153)
	at org.apache.maven.surefire.booter.ForkedBooter.main(ForkedBooter.java:103)
]]></failure>
  </testcase>
  <testcase name="warning" classname="junit.framework.TestSuite$1" time="0.003">
    <failure message="Exception in constructor: testRandomFiftyThousand (java.lang.Error: Unresolved compilation problems: &#10;	The import scala cannot be resolved&#10;	The import org.apache.log4j cannot be resolved&#10;	The import org.apache.log4j cannot be resolved&#10;	Logger cannot be resolved&#10;	Level cannot be resolved to a variable&#10;	Logger cannot be resolved&#10;	Level cannot be resolved to a variable&#10;	The type scala.Tuple2 cannot be resolved. It is indirectly referenced from required .class files&#10;	This lambda expression refers to the missing type Tuple2&#10;	Tuple2 cannot be resolved to a type&#10;	This lambda expression refers to the missing type Tuple2&#10;	Tuple2 cannot be resolved to a type&#10;	Tuple2 cannot be resolved to a type&#10;	The method collect() from the type AbstractJavaRDDLike&lt;Tuple2&lt;Integer,Double&gt;,JavaPairRDD&lt;Integer,Double&gt;&gt; refers to the missing type Tuple2&#10;	Tuple2 cannot be resolved to a type&#10;	The method collect() from the type AbstractJavaRDDLike&lt;Tuple2&lt;Integer,Double&gt;,JavaPairRDD&lt;Integer,Double&gt;&gt; refers to the missing type Tuple2&#10;	Tuple2 cannot be resolved to a type&#10;&#10;	at edu.coursera.distributed.SparkTest.&lt;init&gt;(SparkTest.java:3)&#10;	at sun.reflect.NativeConstructorAccessorImpl.newInstance0(Native Method)&#10;	at sun.reflect.NativeConstructorAccessorImpl.newInstance(Unknown Source)&#10;	at sun.reflect.DelegatingConstructorAccessorImpl.newInstance(Unknown Source)&#10;	at java.lang.reflect.Constructor.newInstance(Unknown Source)&#10;	at junit.framework.TestSuite.createTest(TestSuite.java:54)&#10;	at junit.framework.TestSuite.addTestMethod(TestSuite.java:280)&#10;	at junit.framework.TestSuite.&lt;init&gt;(TestSuite.java:140)&#10;	at sun.reflect.NativeConstructorAccessorImpl.newInstance0(Native Method)&#10;	at sun.reflect.NativeConstructorAccessorImpl.newInstance(Unknown Source)&#10;	at sun.reflect.DelegatingConstructorAccessorImpl.newInstance(Unknown Source)&#10;	at java.lang.reflect.Constructor.newInstance(Unknown Source)&#10;	at org.apache.maven.surefire.common.junit3.JUnit3Reflector.constructTestObject(JUnit3Reflector.java:126)&#10;	at org.apache.maven.surefire.junit.JUnitTestSet.execute(JUnitTestSet.java:70)&#10;	at org.apache.maven.surefire.junit.JUnit3Provider.executeTestSet(JUnit3Provider.java:131)&#10;	at org.apache.maven.surefire.junit.JUnit3Provider.invoke(JUnit3Provider.java:108)&#10;	at org.apache.maven.surefire.booter.ForkedBooter.invokeProviderInSameClassLoader(ForkedBooter.java:200)&#10;	at org.apache.maven.surefire.booter.ForkedBooter.runSuitesInProcess(ForkedBooter.java:153)&#10;	at org.apache.maven.surefire.booter.ForkedBooter.main(ForkedBooter.java:103)&#10;)" type="junit.framework.AssertionFailedError"><![CDATA[junit.framework.AssertionFailedError: Exception in constructor: testRandomFiftyThousand (java.lang.Error: Unresolved compilation problems: 
	The import scala cannot be resolved
	The import org.apache.log4j cannot be resolved
	The import org.apache.log4j cannot be resolved
	Logger cannot be resolved
	Level cannot be resolved to a variable
	Logger cannot be resolved
	Level cannot be resolved to a variable
	The type scala.Tuple2 cannot be resolved. It is indirectly referenced from required .class files
	This lambda expression refers to the missing type Tuple2
	Tuple2 cannot be resolved to a type
	This lambda expression refers to the missing type Tuple2
	Tuple2 cannot be resolved to a type
	Tuple2 cannot be resolved to a type
	The method collect() from the type AbstractJavaRDDLike<Tuple2<Integer,Double>,JavaPairRDD<Integer,Double>> refers to the missing type Tuple2
	Tuple2 cannot be resolved to a type
	The method collect() from the type AbstractJavaRDDLike<Tuple2<Integer,Double>,JavaPairRDD<Integer,Double>> refers to the missing type Tuple2
	Tuple2 cannot be resolved to a type

	at edu.coursera.distributed.SparkTest.<init>(SparkTest.java:3)
	at sun.reflect.NativeConstructorAccessorImpl.newInstance0(Native Method)
	at sun.reflect.NativeConstructorAccessorImpl.newInstance(Unknown Source)
	at sun.reflect.DelegatingConstructorAccessorImpl.newInstance(Unknown Source)
	at java.lang.reflect.Constructor.newInstance(Unknown Source)
	at junit.framework.TestSuite.createTest(TestSuite.java:54)
	at junit.framework.TestSuite.addTestMethod(TestSuite.java:280)
	at junit.framework.TestSuite.<init>(TestSuite.java:140)
	at sun.reflect.NativeConstructorAccessorImpl.newInstance0(Native Method)
	at sun.reflect.NativeConstructorAccessorImpl.newInstance(Unknown Source)
	at sun.reflect.DelegatingConstructorAccessorImpl.newInstance(Unknown Source)
	at java.lang.reflect.Constructor.newInstance(Unknown Source)
	at org.apache.maven.surefire.common.junit3.JUnit3Reflector.constructTestObject(JUnit3Reflector.java:126)
	at org.apache.maven.surefire.junit.JUnitTestSet.execute(JUnitTestSet.java:70)
	at org.apache.maven.surefire.junit.JUnit3Provider.executeTestSet(JUnit3Provider.java:131)
	at org.apache.maven.surefire.junit.JUnit3Provider.invoke(JUnit3Provider.java:108)
	at org.apache.maven.surefire.booter.ForkedBooter.invokeProviderInSameClassLoader(ForkedBooter.java:200)
	at org.apache.maven.surefire.booter.ForkedBooter.runSuitesInProcess(ForkedBooter.java:153)
	at org.apache.maven.surefire.booter.ForkedBooter.main(ForkedBooter.java:103)
)
	at junit.framework.Assert.fail(Assert.java:47)
	at junit.framework.TestSuite$1.runTest(TestSuite.java:90)
	at junit.framework.TestCase.runBare(TestCase.java:130)
	at junit.framework.TestResult$1.protect(TestResult.java:106)
	at junit.framework.TestResult.runProtected(TestResult.java:124)
	at junit.framework.TestResult.run(TestResult.java:109)
	at junit.framework.TestCase.run(TestCase.java:120)
	at junit.framework.TestSuite.runTest(TestSuite.java:230)
	at junit.framework.TestSuite.run(TestSuite.java:225)
	at sun.reflect.NativeMethodAccessorImpl.invoke0(Native Method)
	at sun.reflect.NativeMethodAccessorImpl.invoke(Unknown Source)
	at sun.reflect.DelegatingMethodAccessorImpl.invoke(Unknown Source)
	at java.lang.reflect.Method.invoke(Unknown Source)
	at org.apache.maven.surefire.junit.JUnitTestSet.execute(JUnitTestSet.java:95)
	at org.apache.maven.surefire.junit.JUnit3Provider.executeTestSet(JUnit3Provider.java:131)
	at org.apache.maven.surefire.junit.JUnit3Provider.invoke(JUnit3Provider.java:108)
	at org.apache.maven.surefire.booter.ForkedBooter.invokeProviderInSameClassLoader(ForkedBooter.java:200)
	at org.apache.maven.surefire.booter.ForkedBooter.runSuitesInProcess(ForkedBooter.java:153)
	at org.apache.maven.surefire.booter.ForkedBooter.main(ForkedBooter.java:103)
]]></failure>
  </testcase>
  <testcase name="warning" classname="junit.framework.TestSuite$1" time="0">
    <failure message="Exception in constructor: testIncreasingTwentyThousand (java.lang.Error: Unresolved compilation problems: &#10;	The import scala cannot be resolved&#10;	The import org.apache.log4j cannot be resolved&#10;	The import org.apache.log4j cannot be resolved&#10;	Logger cannot be resolved&#10;	Level cannot be resolved to a variable&#10;	Logger cannot be resolved&#10;	Level cannot be resolved to a variable&#10;	The type scala.Tuple2 cannot be resolved. It is indirectly referenced from required .class files&#10;	This lambda expression refers to the missing type Tuple2&#10;	Tuple2 cannot be resolved to a type&#10;	This lambda expression refers to the missing type Tuple2&#10;	Tuple2 cannot be resolved to a type&#10;	Tuple2 cannot be resolved to a type&#10;	The method collect() from the type AbstractJavaRDDLike&lt;Tuple2&lt;Integer,Double&gt;,JavaPairRDD&lt;Integer,Double&gt;&gt; refers to the missing type Tuple2&#10;	Tuple2 cannot be resolved to a type&#10;	The method collect() from the type AbstractJavaRDDLike&lt;Tuple2&lt;Integer,Double&gt;,JavaPairRDD&lt;Integer,Double&gt;&gt; refers to the missing type Tuple2&#10;	Tuple2 cannot be resolved to a type&#10;&#10;	at edu.coursera.distributed.SparkTest.&lt;init&gt;(SparkTest.java:3)&#10;	at sun.reflect.NativeConstructorAccessorImpl.newInstance0(Native Method)&#10;	at sun.reflect.NativeConstructorAccessorImpl.newInstance(Unknown Source)&#10;	at sun.reflect.DelegatingConstructorAccessorImpl.newInstance(Unknown Source)&#10;	at java.lang.reflect.Constructor.newInstance(Unknown Source)&#10;	at junit.framework.TestSuite.createTest(TestSuite.java:54)&#10;	at junit.framework.TestSuite.addTestMethod(TestSuite.java:280)&#10;	at junit.framework.TestSuite.&lt;init&gt;(TestSuite.java:140)&#10;	at sun.reflect.NativeConstructorAccessorImpl.newInstance0(Native Method)&#10;	at sun.reflect.NativeConstructorAccessorImpl.newInstance(Unknown Source)&#10;	at sun.reflect.DelegatingConstructorAccessorImpl.newInstance(Unknown Source)&#10;	at java.lang.reflect.Constructor.newInstance(Unknown Source)&#10;	at org.apache.maven.surefire.common.junit3.JUnit3Reflector.constructTestObject(JUnit3Reflector.java:126)&#10;	at org.apache.maven.surefire.junit.JUnitTestSet.execute(JUnitTestSet.java:70)&#10;	at org.apache.maven.surefire.junit.JUnit3Provider.executeTestSet(JUnit3Provider.java:131)&#10;	at org.apache.maven.surefire.junit.JUnit3Provider.invoke(JUnit3Provider.java:108)&#10;	at org.apache.maven.surefire.booter.ForkedBooter.invokeProviderInSameClassLoader(ForkedBooter.java:200)&#10;	at org.apache.maven.surefire.booter.ForkedBooter.runSuitesInProcess(ForkedBooter.java:153)&#10;	at org.apache.maven.surefire.booter.ForkedBooter.main(ForkedBooter.java:103)&#10;)" type="junit.framework.AssertionFailedError"><![CDATA[junit.framework.AssertionFailedError: Exception in constructor: testIncreasingTwentyThousand (java.lang.Error: Unresolved compilation problems: 
	The import scala cannot be resolved
	The import org.apache.log4j cannot be resolved
	The import org.apache.log4j cannot be resolved
	Logger cannot be resolved
	Level cannot be resolved to a variable
	Logger cannot be resolved
	Level cannot be resolved to a variable
	The type scala.Tuple2 cannot be resolved. It is indirectly referenced from required .class files
	This lambda expression refers to the missing type Tuple2
	Tuple2 cannot be resolved to a type
	This lambda expression refers to the missing type Tuple2
	Tuple2 cannot be resolved to a type
	Tuple2 cannot be resolved to a type
	The method collect() from the type AbstractJavaRDDLike<Tuple2<Integer,Double>,JavaPairRDD<Integer,Double>> refers to the missing type Tuple2
	Tuple2 cannot be resolved to a type
	The method collect() from the type AbstractJavaRDDLike<Tuple2<Integer,Double>,JavaPairRDD<Integer,Double>> refers to the missing type Tuple2
	Tuple2 cannot be resolved to a type

	at edu.coursera.distributed.SparkTest.<init>(SparkTest.java:3)
	at sun.reflect.NativeConstructorAccessorImpl.newInstance0(Native Method)
	at sun.reflect.NativeConstructorAccessorImpl.newInstance(Unknown Source)
	at sun.reflect.DelegatingConstructorAccessorImpl.newInstance(Unknown Source)
	at java.lang.reflect.Constructor.newInstance(Unknown Source)
	at junit.framework.TestSuite.createTest(TestSuite.java:54)
	at junit.framework.TestSuite.addTestMethod(TestSuite.java:280)
	at junit.framework.TestSuite.<init>(TestSuite.java:140)
	at sun.reflect.NativeConstructorAccessorImpl.newInstance0(Native Method)
	at sun.reflect.NativeConstructorAccessorImpl.newInstance(Unknown Source)
	at sun.reflect.DelegatingConstructorAccessorImpl.newInstance(Unknown Source)
	at java.lang.reflect.Constructor.newInstance(Unknown Source)
	at org.apache.maven.surefire.common.junit3.JUnit3Reflector.constructTestObject(JUnit3Reflector.java:126)
	at org.apache.maven.surefire.junit.JUnitTestSet.execute(JUnitTestSet.java:70)
	at org.apache.maven.surefire.junit.JUnit3Provider.executeTestSet(JUnit3Provider.java:131)
	at org.apache.maven.surefire.junit.JUnit3Provider.invoke(JUnit3Provider.java:108)
	at org.apache.maven.surefire.booter.ForkedBooter.invokeProviderInSameClassLoader(ForkedBooter.java:200)
	at org.apache.maven.surefire.booter.ForkedBooter.runSuitesInProcess(ForkedBooter.java:153)
	at org.apache.maven.surefire.booter.ForkedBooter.main(ForkedBooter.java:103)
)
	at junit.framework.Assert.fail(Assert.java:47)
	at junit.framework.TestSuite$1.runTest(TestSuite.java:90)
	at junit.framework.TestCase.runBare(TestCase.java:130)
	at junit.framework.TestResult$1.protect(TestResult.java:106)
	at junit.framework.TestResult.runProtected(TestResult.java:124)
	at junit.framework.TestResult.run(TestResult.java:109)
	at junit.framework.TestCase.run(TestCase.java:120)
	at junit.framework.TestSuite.runTest(TestSuite.java:230)
	at junit.framework.TestSuite.run(TestSuite.java:225)
	at sun.reflect.NativeMethodAccessorImpl.invoke0(Native Method)
	at sun.reflect.NativeMethodAccessorImpl.invoke(Unknown Source)
	at sun.reflect.DelegatingMethodAccessorImpl.invoke(Unknown Source)
	at java.lang.reflect.Method.invoke(Unknown Source)
	at org.apache.maven.surefire.junit.JUnitTestSet.execute(JUnitTestSet.java:95)
	at org.apache.maven.surefire.junit.JUnit3Provider.executeTestSet(JUnit3Provider.java:131)
	at org.apache.maven.surefire.junit.JUnit3Provider.invoke(JUnit3Provider.java:108)
	at org.apache.maven.surefire.booter.ForkedBooter.invokeProviderInSameClassLoader(ForkedBooter.java:200)
	at org.apache.maven.surefire.booter.ForkedBooter.runSuitesInProcess(ForkedBooter.java:153)
	at org.apache.maven.surefire.booter.ForkedBooter.main(ForkedBooter.java:103)
]]></failure>
  </testcase>
  <testcase name="warning" classname="junit.framework.TestSuite$1" time="0.002">
    <failure message="Exception in constructor: testUniformFiftyThousand (java.lang.Error: Unresolved compilation problems: &#10;	The import scala cannot be resolved&#10;	The import org.apache.log4j cannot be resolved&#10;	The import org.apache.log4j cannot be resolved&#10;	Logger cannot be resolved&#10;	Level cannot be resolved to a variable&#10;	Logger cannot be resolved&#10;	Level cannot be resolved to a variable&#10;	The type scala.Tuple2 cannot be resolved. It is indirectly referenced from required .class files&#10;	This lambda expression refers to the missing type Tuple2&#10;	Tuple2 cannot be resolved to a type&#10;	This lambda expression refers to the missing type Tuple2&#10;	Tuple2 cannot be resolved to a type&#10;	Tuple2 cannot be resolved to a type&#10;	The method collect() from the type AbstractJavaRDDLike&lt;Tuple2&lt;Integer,Double&gt;,JavaPairRDD&lt;Integer,Double&gt;&gt; refers to the missing type Tuple2&#10;	Tuple2 cannot be resolved to a type&#10;	The method collect() from the type AbstractJavaRDDLike&lt;Tuple2&lt;Integer,Double&gt;,JavaPairRDD&lt;Integer,Double&gt;&gt; refers to the missing type Tuple2&#10;	Tuple2 cannot be resolved to a type&#10;&#10;	at edu.coursera.distributed.SparkTest.&lt;init&gt;(SparkTest.java:3)&#10;	at sun.reflect.NativeConstructorAccessorImpl.newInstance0(Native Method)&#10;	at sun.reflect.NativeConstructorAccessorImpl.newInstance(Unknown Source)&#10;	at sun.reflect.DelegatingConstructorAccessorImpl.newInstance(Unknown Source)&#10;	at java.lang.reflect.Constructor.newInstance(Unknown Source)&#10;	at junit.framework.TestSuite.createTest(TestSuite.java:54)&#10;	at junit.framework.TestSuite.addTestMethod(TestSuite.java:280)&#10;	at junit.framework.TestSuite.&lt;init&gt;(TestSuite.java:140)&#10;	at sun.reflect.NativeConstructorAccessorImpl.newInstance0(Native Method)&#10;	at sun.reflect.NativeConstructorAccessorImpl.newInstance(Unknown Source)&#10;	at sun.reflect.DelegatingConstructorAccessorImpl.newInstance(Unknown Source)&#10;	at java.lang.reflect.Constructor.newInstance(Unknown Source)&#10;	at org.apache.maven.surefire.common.junit3.JUnit3Reflector.constructTestObject(JUnit3Reflector.java:126)&#10;	at org.apache.maven.surefire.junit.JUnitTestSet.execute(JUnitTestSet.java:70)&#10;	at org.apache.maven.surefire.junit.JUnit3Provider.executeTestSet(JUnit3Provider.java:131)&#10;	at org.apache.maven.surefire.junit.JUnit3Provider.invoke(JUnit3Provider.java:108)&#10;	at org.apache.maven.surefire.booter.ForkedBooter.invokeProviderInSameClassLoader(ForkedBooter.java:200)&#10;	at org.apache.maven.surefire.booter.ForkedBooter.runSuitesInProcess(ForkedBooter.java:153)&#10;	at org.apache.maven.surefire.booter.ForkedBooter.main(ForkedBooter.java:103)&#10;)" type="junit.framework.AssertionFailedError"><![CDATA[junit.framework.AssertionFailedError: Exception in constructor: testUniformFiftyThousand (java.lang.Error: Unresolved compilation problems: 
	The import scala cannot be resolved
	The import org.apache.log4j cannot be resolved
	The import org.apache.log4j cannot be resolved
	Logger cannot be resolved
	Level cannot be resolved to a variable
	Logger cannot be resolved
	Level cannot be resolved to a variable
	The type scala.Tuple2 cannot be resolved. It is indirectly referenced from required .class files
	This lambda expression refers to the missing type Tuple2
	Tuple2 cannot be resolved to a type
	This lambda expression refers to the missing type Tuple2
	Tuple2 cannot be resolved to a type
	Tuple2 cannot be resolved to a type
	The method collect() from the type AbstractJavaRDDLike<Tuple2<Integer,Double>,JavaPairRDD<Integer,Double>> refers to the missing type Tuple2
	Tuple2 cannot be resolved to a type
	The method collect() from the type AbstractJavaRDDLike<Tuple2<Integer,Double>,JavaPairRDD<Integer,Double>> refers to the missing type Tuple2
	Tuple2 cannot be resolved to a type

	at edu.coursera.distributed.SparkTest.<init>(SparkTest.java:3)
	at sun.reflect.NativeConstructorAccessorImpl.newInstance0(Native Method)
	at sun.reflect.NativeConstructorAccessorImpl.newInstance(Unknown Source)
	at sun.reflect.DelegatingConstructorAccessorImpl.newInstance(Unknown Source)
	at java.lang.reflect.Constructor.newInstance(Unknown Source)
	at junit.framework.TestSuite.createTest(TestSuite.java:54)
	at junit.framework.TestSuite.addTestMethod(TestSuite.java:280)
	at junit.framework.TestSuite.<init>(TestSuite.java:140)
	at sun.reflect.NativeConstructorAccessorImpl.newInstance0(Native Method)
	at sun.reflect.NativeConstructorAccessorImpl.newInstance(Unknown Source)
	at sun.reflect.DelegatingConstructorAccessorImpl.newInstance(Unknown Source)
	at java.lang.reflect.Constructor.newInstance(Unknown Source)
	at org.apache.maven.surefire.common.junit3.JUnit3Reflector.constructTestObject(JUnit3Reflector.java:126)
	at org.apache.maven.surefire.junit.JUnitTestSet.execute(JUnitTestSet.java:70)
	at org.apache.maven.surefire.junit.JUnit3Provider.executeTestSet(JUnit3Provider.java:131)
	at org.apache.maven.surefire.junit.JUnit3Provider.invoke(JUnit3Provider.java:108)
	at org.apache.maven.surefire.booter.ForkedBooter.invokeProviderInSameClassLoader(ForkedBooter.java:200)
	at org.apache.maven.surefire.booter.ForkedBooter.runSuitesInProcess(ForkedBooter.java:153)
	at org.apache.maven.surefire.booter.ForkedBooter.main(ForkedBooter.java:103)
)
	at junit.framework.Assert.fail(Assert.java:47)
	at junit.framework.TestSuite$1.runTest(TestSuite.java:90)
	at junit.framework.TestCase.runBare(TestCase.java:130)
	at junit.framework.TestResult$1.protect(TestResult.java:106)
	at junit.framework.TestResult.runProtected(TestResult.java:124)
	at junit.framework.TestResult.run(TestResult.java:109)
	at junit.framework.TestCase.run(TestCase.java:120)
	at junit.framework.TestSuite.runTest(TestSuite.java:230)
	at junit.framework.TestSuite.run(TestSuite.java:225)
	at sun.reflect.NativeMethodAccessorImpl.invoke0(Native Method)
	at sun.reflect.NativeMethodAccessorImpl.invoke(Unknown Source)
	at sun.reflect.DelegatingMethodAccessorImpl.invoke(Unknown Source)
	at java.lang.reflect.Method.invoke(Unknown Source)
	at org.apache.maven.surefire.junit.JUnitTestSet.execute(JUnitTestSet.java:95)
	at org.apache.maven.surefire.junit.JUnit3Provider.executeTestSet(JUnit3Provider.java:131)
	at org.apache.maven.surefire.junit.JUnit3Provider.invoke(JUnit3Provider.java:108)
	at org.apache.maven.surefire.booter.ForkedBooter.invokeProviderInSameClassLoader(ForkedBooter.java:200)
	at org.apache.maven.surefire.booter.ForkedBooter.runSuitesInProcess(ForkedBooter.java:153)
	at org.apache.maven.surefire.booter.ForkedBooter.main(ForkedBooter.java:103)
]]></failure>
  </testcase>
  <testcase name="warning" classname="junit.framework.TestSuite$1" time="0.001">
    <failure message="Exception in constructor: testRandomTwentyThousand (java.lang.Error: Unresolved compilation problems: &#10;	The import scala cannot be resolved&#10;	The import org.apache.log4j cannot be resolved&#10;	The import org.apache.log4j cannot be resolved&#10;	Logger cannot be resolved&#10;	Level cannot be resolved to a variable&#10;	Logger cannot be resolved&#10;	Level cannot be resolved to a variable&#10;	The type scala.Tuple2 cannot be resolved. It is indirectly referenced from required .class files&#10;	This lambda expression refers to the missing type Tuple2&#10;	Tuple2 cannot be resolved to a type&#10;	This lambda expression refers to the missing type Tuple2&#10;	Tuple2 cannot be resolved to a type&#10;	Tuple2 cannot be resolved to a type&#10;	The method collect() from the type AbstractJavaRDDLike&lt;Tuple2&lt;Integer,Double&gt;,JavaPairRDD&lt;Integer,Double&gt;&gt; refers to the missing type Tuple2&#10;	Tuple2 cannot be resolved to a type&#10;	The method collect() from the type AbstractJavaRDDLike&lt;Tuple2&lt;Integer,Double&gt;,JavaPairRDD&lt;Integer,Double&gt;&gt; refers to the missing type Tuple2&#10;	Tuple2 cannot be resolved to a type&#10;&#10;	at edu.coursera.distributed.SparkTest.&lt;init&gt;(SparkTest.java:3)&#10;	at sun.reflect.NativeConstructorAccessorImpl.newInstance0(Native Method)&#10;	at sun.reflect.NativeConstructorAccessorImpl.newInstance(Unknown Source)&#10;	at sun.reflect.DelegatingConstructorAccessorImpl.newInstance(Unknown Source)&#10;	at java.lang.reflect.Constructor.newInstance(Unknown Source)&#10;	at junit.framework.TestSuite.createTest(TestSuite.java:54)&#10;	at junit.framework.TestSuite.addTestMethod(TestSuite.java:280)&#10;	at junit.framework.TestSuite.&lt;init&gt;(TestSuite.java:140)&#10;	at sun.reflect.NativeConstructorAccessorImpl.newInstance0(Native Method)&#10;	at sun.reflect.NativeConstructorAccessorImpl.newInstance(Unknown Source)&#10;	at sun.reflect.DelegatingConstructorAccessorImpl.newInstance(Unknown Source)&#10;	at java.lang.reflect.Constructor.newInstance(Unknown Source)&#10;	at org.apache.maven.surefire.common.junit3.JUnit3Reflector.constructTestObject(JUnit3Reflector.java:126)&#10;	at org.apache.maven.surefire.junit.JUnitTestSet.execute(JUnitTestSet.java:70)&#10;	at org.apache.maven.surefire.junit.JUnit3Provider.executeTestSet(JUnit3Provider.java:131)&#10;	at org.apache.maven.surefire.junit.JUnit3Provider.invoke(JUnit3Provider.java:108)&#10;	at org.apache.maven.surefire.booter.ForkedBooter.invokeProviderInSameClassLoader(ForkedBooter.java:200)&#10;	at org.apache.maven.surefire.booter.ForkedBooter.runSuitesInProcess(ForkedBooter.java:153)&#10;	at org.apache.maven.surefire.booter.ForkedBooter.main(ForkedBooter.java:103)&#10;)" type="junit.framework.AssertionFailedError"><![CDATA[junit.framework.AssertionFailedError: Exception in constructor: testRandomTwentyThousand (java.lang.Error: Unresolved compilation problems: 
	The import scala cannot be resolved
	The import org.apache.log4j cannot be resolved
	The import org.apache.log4j cannot be resolved
	Logger cannot be resolved
	Level cannot be resolved to a variable
	Logger cannot be resolved
	Level cannot be resolved to a variable
	The type scala.Tuple2 cannot be resolved. It is indirectly referenced from required .class files
	This lambda expression refers to the missing type Tuple2
	Tuple2 cannot be resolved to a type
	This lambda expression refers to the missing type Tuple2
	Tuple2 cannot be resolved to a type
	Tuple2 cannot be resolved to a type
	The method collect() from the type AbstractJavaRDDLike<Tuple2<Integer,Double>,JavaPairRDD<Integer,Double>> refers to the missing type Tuple2
	Tuple2 cannot be resolved to a type
	The method collect() from the type AbstractJavaRDDLike<Tuple2<Integer,Double>,JavaPairRDD<Integer,Double>> refers to the missing type Tuple2
	Tuple2 cannot be resolved to a type

	at edu.coursera.distributed.SparkTest.<init>(SparkTest.java:3)
	at sun.reflect.NativeConstructorAccessorImpl.newInstance0(Native Method)
	at sun.reflect.NativeConstructorAccessorImpl.newInstance(Unknown Source)
	at sun.reflect.DelegatingConstructorAccessorImpl.newInstance(Unknown Source)
	at java.lang.reflect.Constructor.newInstance(Unknown Source)
	at junit.framework.TestSuite.createTest(TestSuite.java:54)
	at junit.framework.TestSuite.addTestMethod(TestSuite.java:280)
	at junit.framework.TestSuite.<init>(TestSuite.java:140)
	at sun.reflect.NativeConstructorAccessorImpl.newInstance0(Native Method)
	at sun.reflect.NativeConstructorAccessorImpl.newInstance(Unknown Source)
	at sun.reflect.DelegatingConstructorAccessorImpl.newInstance(Unknown Source)
	at java.lang.reflect.Constructor.newInstance(Unknown Source)
	at org.apache.maven.surefire.common.junit3.JUnit3Reflector.constructTestObject(JUnit3Reflector.java:126)
	at org.apache.maven.surefire.junit.JUnitTestSet.execute(JUnitTestSet.java:70)
	at org.apache.maven.surefire.junit.JUnit3Provider.executeTestSet(JUnit3Provider.java:131)
	at org.apache.maven.surefire.junit.JUnit3Provider.invoke(JUnit3Provider.java:108)
	at org.apache.maven.surefire.booter.ForkedBooter.invokeProviderInSameClassLoader(ForkedBooter.java:200)
	at org.apache.maven.surefire.booter.ForkedBooter.runSuitesInProcess(ForkedBooter.java:153)
	at org.apache.maven.surefire.booter.ForkedBooter.main(ForkedBooter.java:103)
)
	at junit.framework.Assert.fail(Assert.java:47)
	at junit.framework.TestSuite$1.runTest(TestSuite.java:90)
	at junit.framework.TestCase.runBare(TestCase.java:130)
	at junit.framework.TestResult$1.protect(TestResult.java:106)
	at junit.framework.TestResult.runProtected(TestResult.java:124)
	at junit.framework.TestResult.run(TestResult.java:109)
	at junit.framework.TestCase.run(TestCase.java:120)
	at junit.framework.TestSuite.runTest(TestSuite.java:230)
	at junit.framework.TestSuite.run(TestSuite.java:225)
	at sun.reflect.NativeMethodAccessorImpl.invoke0(Native Method)
	at sun.reflect.NativeMethodAccessorImpl.invoke(Unknown Source)
	at sun.reflect.DelegatingMethodAccessorImpl.invoke(Unknown Source)
	at java.lang.reflect.Method.invoke(Unknown Source)
	at org.apache.maven.surefire.junit.JUnitTestSet.execute(JUnitTestSet.java:95)
	at org.apache.maven.surefire.junit.JUnit3Provider.executeTestSet(JUnit3Provider.java:131)
	at org.apache.maven.surefire.junit.JUnit3Provider.invoke(JUnit3Provider.java:108)
	at org.apache.maven.surefire.booter.ForkedBooter.invokeProviderInSameClassLoader(ForkedBooter.java:200)
	at org.apache.maven.surefire.booter.ForkedBooter.runSuitesInProcess(ForkedBooter.java:153)
	at org.apache.maven.surefire.booter.ForkedBooter.main(ForkedBooter.java:103)
]]></failure>
  </testcase>
</testsuite>